<?xml version="1.0" encoding="UTF-8"?>
<testsuite name="Ver hoteles 5 estrellas en cartagena" tests="1" skipped="0" failures="0" errors="0" timestamp="2021-06-26T05:22:43" hostname="SSMEDLAPPRODZ6" time="32.848">
  <properties/>
  <testcase name="Ver hoteles cinco estrellas en cartagena" classname="Ver hoteles 5 estrellas en cartagena" time="32.848"/>
  <system-out><![CDATA[]]></system-out>
  <system-err><![CDATA[[Test worker] INFO net.thucydides.core.steps.ConsoleLoggingListener - STARTING STEP Dado que el usuario ingresa en la plataforma
Starting ChromeDriver 90.0.4430.24 (4c6d850f087da467d926e8eddb76550aed655991-refs/branch-heads/4430@{#429}) on port 21463
Only local connections are allowed.
Please see https://chromedriver.chromium.org/security-considerations for suggestions on keeping ChromeDriver safe.
ChromeDriver was started successfully.
[1624684965.041][WARNING]: This version of ChromeDriver has not been tested with Chrome version 91.
jun 26, 2021 12:22:45 A.M. org.openqa.selenium.remote.ProtocolHandshake createSession
INFORMACIÓN: Detected dialect: W3C
[Test worker] INFO net.thucydides.core.steps.ConsoleLoggingListener - FINISHING STEP
[Test worker] INFO net.thucydides.core.steps.ConsoleLoggingListener - STARTING STEP Cuando busca hoteles de cinco estrellas en la ciudad Cartagena
[Test worker] INFO net.thucydides.core.steps.ConsoleLoggingListener - STARTING STEP usuario search in the catalog
[Test worker] INFO net.thucydides.core.steps.ConsoleLoggingListener - STARTING STEP usuario clicks on button going to
[Test worker] INFO net.thucydides.core.steps.ConsoleLoggingListener - FINISHING STEP
[Test worker] INFO net.thucydides.core.steps.ConsoleLoggingListener - STARTING STEP usuario enters 'Cartagena' into campo search
[Test worker] INFO net.thucydides.core.steps.ConsoleLoggingListener - FINISHING STEP
[Test worker] INFO net.thucydides.core.steps.ConsoleLoggingListener - STARTING STEP usuario clicks on index
[Test worker] INFO net.thucydides.core.steps.ConsoleLoggingListener - FINISHING STEP
[Test worker] INFO net.thucydides.core.steps.ConsoleLoggingListener - STARTING STEP usuario clicks on button search
[Test worker] INFO net.thucydides.core.steps.ConsoleLoggingListener - FINISHING STEP
[Test worker] INFO net.thucydides.core.steps.ConsoleLoggingListener - STARTING STEP usuario clicks on button five stars
[Test worker] INFO net.thucydides.core.steps.ConsoleLoggingListener - FINISHING STEP
[Test worker] INFO net.thucydides.core.steps.ConsoleLoggingListener - FINISHING STEP
[Test worker] INFO net.thucydides.core.steps.ConsoleLoggingListener - FINISHING STEP
[Test worker] INFO net.thucydides.core.steps.ConsoleLoggingListener - STARTING STEP Entonces deberia ver el mensaje Charleston Santa Teresa Cartagena
[Test worker] INFO net.thucydides.core.steps.ConsoleLoggingListener - STARTING STEP Then the message should be 'Charleston Santa Teresa Cartagena'
[Test worker] INFO net.thucydides.core.steps.ConsoleLoggingListener - STARTING STEP usuario wait 3ond before of execute the next action
[Test worker] INFO net.thucydides.core.steps.ConsoleLoggingListener - FINISHING STEP
[Test worker] INFO net.thucydides.core.steps.ConsoleLoggingListener - FINISHING STEP
[Test worker] INFO net.thucydides.core.steps.ConsoleLoggingListener - FINISHING STEP
[Test worker] INFO net.thucydides.core.steps.ConsoleLoggingListener - FINISHING STEP
[Test worker] INFO net.thucydides.core.steps.ConsoleLoggingListener - ?[92m
        __    _____ _____ ____ _____   ____   _    ____  ____  _____ ____  
  _     \ \  |_   _| ____/ ___|_   _| |  _ \ / \  / ___|/ ___|| ____|  _ \ 
 (_)_____| |   | | |  _| \___ \ | |   | |_) / _ \ \___ \\___ \|  _| | | | |
  _|_____| |   | | | |___ ___) || |   |  __/ ___ \ ___) |___) | |___| |_| |
 (_)     | |   |_| |_____|____/ |_|   |_| /_/   \_\____/|____/|_____|____/ 
        /_/                                                                

TEST PASSED: Ver hoteles cinco estrellas en cartagena
----------------------------------------------------------------------------?[0m
]]></system-err>
</testsuite>
